CG==================
<dummyMainClass: void dummyMainMethod()>   -->    <de.ecspride.Button1: void <clinit>()>
<dummyMainClass: void dummyMainMethod()>   -->    <de.ecspride.Button1: void <clinit>()>
<dummyMainClass: void dummyMainMethod()>   -->    <android.view.View: void <clinit>()>
<dummyMainClass: void dummyMainMethod()>   -->    <android.view.View: void <clinit>()>
<dummyMainClass: void dummyMainMethod()>   -->    <android.app.Activity: void <clinit>()>
<dummyMainClass: void dummyMainMethod()>   -->    <de.ecspride.Button1: void <clinit>()>
<dummyMainClass: void dummyMainMethod()>   -->    <android.os.Bundle: void <clinit>()>
<dummyMainClass: void dummyMainMethod()>   -->    <android.app.Activity: void <clinit>()>
<de.ecspride.Button1: void <clinit>()>   -->    <de.ecspride.Button1: void <clinit>()>
<de.ecspride.Button1: void <clinit>()>   -->    <android.app.Activity: void <clinit>()>
<android.view.View: void <clinit>()>   -->    <android.view.View: void <clinit>()>
<android.view.View: void <clinit>()>   -->    <android.view.View: void <clinit>()>
<android.view.View: void <clinit>()>   -->    <android.view.View: void <clinit>()>
<android.view.View: void <clinit>()>   -->    <android.view.View: void <clinit>()>
<android.view.View: void <clinit>()>   -->    <android.view.View: void <clinit>()>
<android.view.View: void <clinit>()>   -->    <android.view.View: void <clinit>()>
<android.view.View: void <clinit>()>   -->    <android.view.View: void <clinit>()>
<android.view.View: void <clinit>()>   -->    <android.view.View: void <clinit>()>
<android.view.View: void <clinit>()>   -->    <android.view.View: void <clinit>()>
<android.view.View: void <clinit>()>   -->    <android.view.View: void <clinit>()>
<android.view.View: void <clinit>()>   -->    <android.view.View: void <clinit>()>
<android.view.View: void <clinit>()>   -->    <android.view.View: void <clinit>()>
<android.view.View: void <clinit>()>   -->    <android.view.View: void <clinit>()>
<android.view.View: void <clinit>()>   -->    <android.view.View: void <clinit>()>
<android.view.View: void <clinit>()>   -->    <android.view.View: void <clinit>()>
<android.view.View: void <clinit>()>   -->    <android.view.View: void <clinit>()>
<android.view.View: void <clinit>()>   -->    <android.view.View: void <clinit>()>
<android.view.View: void <clinit>()>   -->    <android.view.View: void <clinit>()>
<android.view.View: void <clinit>()>   -->    <android.view.View: void <clinit>()>
<android.view.View: void <clinit>()>   -->    <android.view.View: void <clinit>()>
<android.view.View: void <clinit>()>   -->    <android.view.View: void <clinit>()>
<android.view.View: void <clinit>()>   -->    <android.view.View: void <clinit>()>
<android.view.View: void <clinit>()>   -->    <android.view.View: void <clinit>()>
<android.view.View: void <clinit>()>   -->    <android.view.View: void <clinit>()>
<android.view.View: void <clinit>()>   -->    <android.view.View: void <clinit>()>
<android.view.View: void <clinit>()>   -->    <android.view.View: void <clinit>()>
<android.view.View: void <clinit>()>   -->    <android.view.View: void <clinit>()>
<android.view.View: void <clinit>()>   -->    <android.view.View: void <clinit>()>
<android.view.View: void <clinit>()>   -->    <android.view.View: void <clinit>()>
<android.view.View: void <clinit>()>   -->    <android.view.View: void <clinit>()>
<android.view.View: void <clinit>()>   -->    <android.view.View: void <clinit>()>
<android.view.View: void <clinit>()>   -->    <android.view.View: void <clinit>()>
<android.view.View: void <clinit>()>   -->    <android.view.View: void <clinit>()>
<android.view.View: void <clinit>()>   -->    <android.view.View: void <clinit>()>
<android.view.View: void <clinit>()>   -->    <android.view.View: void <clinit>()>
<android.view.View: void <clinit>()>   -->    <android.view.View: void <clinit>()>
<android.view.View: void <clinit>()>   -->    <android.view.View: void <clinit>()>
<android.view.View: void <clinit>()>   -->    <android.view.View: void <clinit>()>
<android.view.View: void <clinit>()>   -->    <android.view.View: void <clinit>()>
<android.view.View: void <clinit>()>   -->    <android.view.View: void <clinit>()>
<android.view.View: void <clinit>()>   -->    <android.view.View: void <clinit>()>
<android.app.Activity: void <clinit>()>   -->    <android.app.Activity: void <clinit>()>
<android.os.Bundle: void <clinit>()>   -->    <android.os.Bundle: void <clinit>()>
<android.os.Bundle: void <clinit>()>   -->    <android.os.Bundle: void <clinit>()>
<dummyMainClass: void dummyMainMethod()>   -->    <de.ecspride.Button1: void <init>()>
<dummyMainClass: void dummyMainMethod()>   -->    <de.ecspride.Button1: void onCreate(android.os.Bundle)>
<dummyMainClass: void dummyMainMethod()>   -->    <de.ecspride.Button1: void sendMessageWrapper(android.view.View)>
<dummyMainClass: void dummyMainMethod()>   -->    <android.os.Bundle: void <init>()>
<dummyMainClass: void dummyMainMethod()>   -->    <android.view.View: void <init>(android.content.Context)>
<dummyMainClass: void dummyMainMethod()>   -->    <de.ecspride.Button1$1: void <init>(de.ecspride.Button1)>
<dummyMainClass: void dummyMainMethod()>   -->    <de.ecspride.Button1$1: void onClick(android.view.View)>
<dummyMainClass: void dummyMainMethod()>   -->    <android.view.View: void <init>(android.content.Context)>
<de.ecspride.Button1: void <init>()>   -->    <android.app.Activity: void <init>()>
<de.ecspride.Button1: void onCreate(android.os.Bundle)>   -->    <android.app.Activity: void onCreate(android.os.Bundle)>
<de.ecspride.Button1: void onCreate(android.os.Bundle)>   -->    <android.app.Activity: void setContentView(int)>
<de.ecspride.Button1: void onCreate(android.os.Bundle)>   -->    <android.app.Activity: android.view.View findViewById(int)>
<de.ecspride.Button1: void onCreate(android.os.Bundle)>   -->    <de.ecspride.Button1$1: void <init>(de.ecspride.Button1)>
<de.ecspride.Button1: void onCreate(android.os.Bundle)>   -->    <android.view.View: void setOnClickListener(android.view.View$OnClickListener)>
<de.ecspride.Button1: void sendMessageWrapper(android.view.View)>   -->    <de.ecspride.Button1: void sendMessage()>
<de.ecspride.Button1: void sendMessage()>   -->    <de.ecspride.Button1: void <clinit>()>
<de.ecspride.Button1: void sendMessage()>   -->    <android.telephony.SmsManager: android.telephony.SmsManager getDefault()>
<de.ecspride.Button1: void sendMessage()>   -->    <android.widget.Toast: android.widget.Toast makeText(android.content.Context,java.lang.CharSequence,int)>
<de.ecspride.Button1: void sendMessage()>   -->    <android.app.Activity: void <clinit>()>
<de.ecspride.Button1: void sendMessage()>   -->    <de.ecspride.Button1: void <clinit>()>
<de.ecspride.Button1: void sendMessage()>   -->    <android.app.Activity: void <clinit>()>
<android.os.Bundle: void <init>()>   -->    <java.lang.Object: void <init>()>
<android.os.Bundle: void <init>()>   -->    <java.lang.RuntimeException: void <init>(java.lang.String)>
<java.lang.Object: void <init>()>   -->    <java.lang.Object: void finalize()>
<android.view.View: void <init>(android.content.Context)>   -->    <java.lang.Object: void <init>()>
<android.view.View: void <init>(android.content.Context)>   -->    <java.lang.RuntimeException: void <init>(java.lang.String)>
<de.ecspride.Button1$1: void <init>(de.ecspride.Button1)>   -->    <java.lang.Object: void <init>()>
<de.ecspride.Button1$1: void onClick(android.view.View)>   -->    <de.ecspride.Button1: void getDevIdWrapperTop()>
<android.app.Activity: void <init>()>   -->    <android.view.ContextThemeWrapper: void <init>()>
<android.app.Activity: void <init>()>   -->    <java.lang.RuntimeException: void <init>(java.lang.String)>
<android.app.Activity: void onCreate(android.os.Bundle)>   -->    <java.lang.RuntimeException: void <init>(java.lang.String)>
<android.app.Activity: void setContentView(int)>   -->    <java.lang.RuntimeException: void <init>(java.lang.String)>
<android.app.Activity: android.view.View findViewById(int)>   -->    <java.lang.RuntimeException: void <init>(java.lang.String)>
<android.view.View: void setOnClickListener(android.view.View$OnClickListener)>   -->    <java.lang.RuntimeException: void <init>(java.lang.String)>
<de.ecspride.Button1: void sendMessage()>   -->    <android.widget.Toast: void show()>
<de.ecspride.Button1: void sendMessage()>   -->    <android.telephony.SmsManager: void sendTextMessage(java.lang.String,java.lang.String,java.lang.String,android.app.PendingIntent,android.app.PendingIntent)>
<android.telephony.SmsManager: android.telephony.SmsManager getDefault()>   -->    <java.lang.RuntimeException: void <init>(java.lang.String)>
<android.widget.Toast: android.widget.Toast makeText(android.content.Context,java.lang.CharSequence,int)>   -->    <java.lang.RuntimeException: void <init>(java.lang.String)>
<java.lang.Object: void <init>()>   -->    <java.lang.RuntimeException: void <init>(java.lang.String)>
<java.lang.RuntimeException: void <init>(java.lang.String)>   -->    <java.lang.Exception: void <init>()>
<java.lang.RuntimeException: void <init>(java.lang.String)>   -->    <java.lang.RuntimeException: void <init>(java.lang.String)>
<java.lang.Object: void finalize()>   -->    <java.lang.RuntimeException: void <init>(java.lang.String)>
<de.ecspride.Button1: void getDevIdWrapperTop()>   -->    <de.ecspride.Button1: void getDevIdWrapper2()>
<android.view.ContextThemeWrapper: void <init>()>   -->    <android.content.ContextWrapper: void <init>(android.content.Context)>
<android.view.ContextThemeWrapper: void <init>()>   -->    <java.lang.RuntimeException: void <init>(java.lang.String)>
<android.widget.Toast: void show()>   -->    <java.lang.RuntimeException: void <init>(java.lang.String)>
<android.telephony.SmsManager: void sendTextMessage(java.lang.String,java.lang.String,java.lang.String,android.app.PendingIntent,android.app.PendingIntent)>   -->    <java.lang.RuntimeException: void <init>(java.lang.String)>
<java.lang.Exception: void <init>()>   -->    <java.lang.Throwable: void <init>()>
<java.lang.Exception: void <init>()>   -->    <java.lang.RuntimeException: void <init>(java.lang.String)>
<de.ecspride.Button1: void getDevIdWrapper2()>   -->    <de.ecspride.Button1: void getDevId()>
<de.ecspride.Button1: void getDevId()>   -->    <de.ecspride.Button1: void <clinit>()>
<de.ecspride.Button1: void getDevId()>   -->    <android.app.Activity: void <clinit>()>
<android.content.ContextWrapper: void <init>(android.content.Context)>   -->    <android.content.Context: void <init>()>
<android.content.ContextWrapper: void <init>(android.content.Context)>   -->    <java.lang.RuntimeException: void <init>(java.lang.String)>
<java.lang.Throwable: void <init>()>   -->    <java.lang.Object: void <init>()>
<java.lang.Throwable: void <init>()>   -->    <java.lang.RuntimeException: void <init>(java.lang.String)>
<de.ecspride.Button1: void getDevId()>   -->    <android.app.Activity: java.lang.Object getSystemService(java.lang.String)>
<de.ecspride.Button1: void getDevId()>   -->    <android.telephony.TelephonyManager: java.lang.String getDeviceId()>
<android.content.Context: void <init>()>   -->    <java.lang.Object: void <init>()>
<android.content.Context: void <init>()>   -->    <java.lang.RuntimeException: void <init>(java.lang.String)>
<android.app.Activity: java.lang.Object getSystemService(java.lang.String)>   -->    <java.lang.RuntimeException: void <init>(java.lang.String)>
<android.telephony.TelephonyManager: java.lang.String getDeviceId()>   -->    <java.lang.RuntimeException: void <init>(java.lang.String)>
CG ends==================
