#
# A fatal error has been detected by the Java Runtime Environment:
#
#  SIGSEGV (0xb) at pc=0x00007ffa5f8738e8, pid=2002, tid=140713498605312
#
# JRE version: Java(TM) SE Runtime Environment (7.0_80-b15) (build 1.7.0_80-b15)
# Java VM: Java HotSpot(TM) 64-Bit Server VM (24.80-b11 mixed mode linux-amd64 compressed oops)
# Problematic frame:
# j  soot.Scene.tryLoadClass(Ljava/lang/String;I)Lsoot/SootClass;+29
#
# Failed to write core dump. Core dumps have been disabled. To enable core dumping, try "ulimit -c unlimited" before starting Java again
#
# If you would like to submit a bug report, please visit:
#   http://bugreport.java.com/bugreport/crash.jsp
#

---------------  T H R E A D  ---------------

Current thread (0x00007ffa6400d800):  JavaThread "main" [_thread_in_Java, id=2007, stack(0x00007ffa6a097000,0x00007ffa6a198000)]

siginfo:si_signo=SIGSEGV: si_errno=0, si_code=1 (SEGV_MAPERR), si_addr=0x0000004bbf08edf8

Registers:
RAX=0x00000000eca8e8e0, RBX=0x00007ffa6a196810, RCX=0x0000004bbf08edf8, RDX=0x00000000eca8ee00
RSP=0x00000000eca8e8c0, RBP=0x00007ffa6a196850, RSI=0x00000000eca8e8e0, RDI=0x0000000000000000
R8 =0x0000000000000006, R9 =0x0000000000005300, R10=0x0000000000000000, R11=0x0000000000000000
R12=0x0000000000000000, R13=0x00000000bf4a2325, R14=0x00007ffa6a196880, R15=0x00007ffa6400d800
RIP=0x00007ffa5f8738e8, EFLAGS=0x0000000000010202, CSGSFS=0x0000000000000033, ERR=0x0000000000000004
  TRAPNO=0x000000000000000e

Top of Stack: (sp=0x00000000eca8e8c0)
0x00000000eca8e8c0:   0000000000000001 0000000000000000
0x00000000eca8e8d0:   eca8e8c0eca8eb38 0000000000000000
0x00000000eca8e8e0:   0000000000000001 0000000000000000
0x00000000eca8e8f0:   00000000eca8ea38 0000000000000001
0x00000000eca8e900:   00000010bf000630 0065006c00690066
0x00000000eca8e910:   0000000000270020 0000000000000000
0x00000000eca8e920:   0000000000000000 0000000000000001
0x00000000eca8e930:   eca8e940bf00b010 0000000000000000
0x00000000eca8e940:   0000000000000001 00000006bf000630
0x00000000eca8e950:   0065006c00690066 0000000000270020
0x00000000eca8e960:   0000000000000001 0000003abf000630
0x00000000eca8e970:   0065006c00690066 003a004300270020
0x00000000eca8e980:   006500730055002f 0068002f00730072
0x00000000eca8e990:   0044002f006f0061 006c006e0077006f
0x00000000eca8e9a0:   007300640061006f 0064006e0061002f
0x00000000eca8e9b0:   00640069006f0072 006b00640073002d
0x00000000eca8e9c0:   006e00690077002d 00730077006f0064
0x00000000eca8e9d0:   0061006c0070002f 0072006f00660074
0x00000000eca8e9e0:   000000000073006d 0000000000000001
0x00000000eca8e9f0:   eca8ea00bf00b010 0000000000000000
0x00000000eca8ea00:   0000000000000001 00000011bf000630
0x00000000eca8ea10:   006f006400200027 006e002000730065
0x00000000eca8ea20:   006500200074006f 0074007300690078
0x00000000eca8ea30:   0000000000000021 0000000000000001
0x00000000eca8ea40:   00000076bf000630 0065006c00690066
0x00000000eca8ea50:   003a004300270020 006500730055002f
0x00000000eca8ea60:   0068002f00730072 0044002f006f0061
0x00000000eca8ea70:   006c006e0077006f 007300640061006f
0x00000000eca8ea80:   0064006e0061002f 00640069006f0072
0x00000000eca8ea90:   006b00640073002d 006e00690077002d
0x00000000eca8eaa0:   00730077006f0064 0061006c0070002f
0x00000000eca8eab0:   0072006f00660074 002000270073006d 

Instructions: (pc=0x00007ffa5f8738e8)
0x00007ffa5f8738c8:   48 8b 75 c0 48 8d 5d c0 e9 82 02 00 00 4c 89 6d
0x00007ffa5f8738d8:   c8 48 8d 06 48 8b 4e 08 48 c7 46 08 00 00 00 00
0x00007ffa5f8738e8:   48 8b 11 48 83 e2 07 48 83 fa 05 0f 84 2f 01 00
0x00007ffa5f8738f8:   00 48 8b 10 48 85 d2 0f 84 23 01 00 00 f0 48 0f 

Register to memory mapping:

RAX=0x00000000eca8e8e0 is an unknown value
RBX=0x00007ffa6a196810 is pointing into the stack for thread: 0x00007ffa6400d800
RCX=0x0000004bbf08edf8 is an unknown value
RDX=0x00000000eca8ee00 is an unknown value
RSP=0x00000000eca8e8c0 is an unknown value
RBP=0x00007ffa6a196850 is pointing into the stack for thread: 0x00007ffa6400d800
RSI=0x00000000eca8e8e0 is an unknown value
RDI=0x0000000000000000 is an unknown value
R8 =0x0000000000000006 is an unknown value
R9 =0x0000000000005300 is an unknown value
R10=0x0000000000000000 is an unknown value
R11=0x0000000000000000 is an unknown value
R12=0x0000000000000000 is an unknown value
R13=0x00000000bf4a2325 is pointing into object: 0x00000000bf4a22c8
{constMethod} 
 - klass: {other class}
 - constants:       0x00000000bf49b188 constant pool [1673] for 'soot/Scene' cache=0x00000000bf4aae78
 - stackmap data:       [B
bci_from(0xbf4a2325) = 29; print_codes():
R14=0x00007ffa6a196880 is pointing into the stack for thread: 0x00007ffa6400d800
R15=0x00007ffa6400d800 is a thread


Stack: [0x00007ffa6a097000,0x00007ffa6a198000],  sp=0x00000000eca8e8c0,  free space=18014261097834462k
Native frames: (J=compiled Java code, j=interpreted, Vv=VM code, C=native code)
j  soot.Scene.tryLoadClass(Ljava/lang/String;I)Lsoot/SootClass;+29
j  soot.Scene.loadBasicClasses()V+45
j  soot.Scene.loadNecessaryClasses()V+1
j  FlowDroidPlay.CallFlowGraphTest.main([Ljava/lang/String;)V+99
v  ~StubRoutines::call_stub
V  [libjvm.so+0x6020a5]  JavaCalls::call_helper(JavaValue*, methodHandle*, JavaCallArguments*, Thread*)+0x365
V  [libjvm.so+0x600b08]  JavaCalls::call(JavaValue*, methodHandle, JavaCallArguments*, Thread*)+0x28
V  [libjvm.so+0x63abb9]  jni_invoke_static(JNIEnv_*, JavaValue*, _jobject*, JNICallType, _jmethodID*, JNI_ArgumentPusher*, Thread*)+0x219
V  [libjvm.so+0x6437d2]  jni_CallStaticVoidMethod+0x162
C  [libjli.so+0x36d9]  JavaMain+0x7e9


---------------  P R O C E S S  ---------------

Java Threads: ( => current thread )
  0x00007ffa640a7800 JavaThread "Service Thread" daemon [_thread_blocked, id=2054, stack(0x00007ffa476f5000,0x00007ffa477f6000)]
  0x00007ffa640a5000 JavaThread "C2 CompilerThread1" daemon [_thread_blocked, id=2053, stack(0x00007ffa477f6000,0x00007ffa478f7000)]
  0x00007ffa640a2800 JavaThread "C2 CompilerThread0" daemon [_thread_blocked, id=2052, stack(0x00007ffa478f7000,0x00007ffa479f8000)]
  0x00007ffa38001000 JavaThread "JDWP Command Reader" daemon [_thread_in_native, id=2032, stack(0x00007ffa479f8000,0x00007ffa47af9000)]
  0x00007ffa640a0000 JavaThread "JDWP Event Helper Thread" daemon [_thread_blocked, id=2027, stack(0x00007ffa47af9000,0x00007ffa47bfa000)]
  0x00007ffa6409c800 JavaThread "JDWP Transport Listener: dt_socket" daemon [_thread_blocked, id=2025, stack(0x00007ffa47bfa000,0x00007ffa47cfb000)]
  0x00007ffa6408f000 JavaThread "Signal Dispatcher" daemon [_thread_blocked, id=2023, stack(0x00007ffa47eff000,0x00007ffa48000000)]
  0x00007ffa6406f000 JavaThread "Finalizer" daemon [_thread_blocked, id=2022, stack(0x00007ffa5c0f0000,0x00007ffa5c1f1000)]
  0x00007ffa6406d000 JavaThread "Reference Handler" daemon [_thread_blocked, id=2021, stack(0x00007ffa5c1f1000,0x00007ffa5c2f2000)]
=>0x00007ffa6400d800 JavaThread "main" [_thread_in_Java, id=2007, stack(0x00007ffa6a097000,0x00007ffa6a198000)]

Other Threads:
  0x00007ffa64068800 VMThread [stack: 0x00007ffa5c2f2000,0x00007ffa5c3f3000] [id=2020]
  0x00007ffa640b2000 WatcherThread [stack: 0x00007ffa475f4000,0x00007ffa476f5000] [id=2055]

VM state:not at safepoint (normal execution)

VM Mutex/Monitor currently owned by a thread: None

Heap
 PSYoungGen      total 17920K, used 10497K [0x00000000ec080000, 0x00000000ed480000, 0x0000000100000000)
  eden space 15360K, 68% used [0x00000000ec080000,0x00000000ecac0628,0x00000000ecf80000)
  from space 2560K, 0% used [0x00000000ed200000,0x00000000ed200000,0x00000000ed480000)
  to   space 2560K, 0% used [0x00000000ecf80000,0x00000000ecf80000,0x00000000ed200000)
 ParOldGen       total 40448K, used 0K [0x00000000c4200000, 0x00000000c6980000, 0x00000000ec080000)
  object space 40448K, 0% used [0x00000000c4200000,0x00000000c4200000,0x00000000c6980000)
 PSPermGen       total 21504K, used 5775K [0x00000000bf000000, 0x00000000c0500000, 0x00000000c4200000)
  object space 21504K, 26% used [0x00000000bf000000,0x00000000bf5a3f48,0x00000000c0500000)

Card table byte_map: [0x00007ffa5f656000,0x00007ffa5f85f000] byte_map_base: 0x00007ffa5f05e000

Polling page: 0x00007ffa6a1c5000

Code Cache  [0x00007ffa5f85f000, 0x00007ffa5facf000, 0x00007ffa6285f000)
 total_blobs=202 nmethods=19 adapters=146 free_code_cache=48731Kb largest_free_block=49878464

Compilation events (10 events):
Event: 3.530 Thread 0x00007ffa640a5000   15             java.lang.String::length (6 bytes)
Event: 3.531 Thread 0x00007ffa640a5000 nmethod 15 0x00007ffa5f8bfd50 code [0x00007ffa5f8bfea0, 0x00007ffa5f8bff38]
Event: 3.671 Thread 0x00007ffa640a5000   16             java.lang.Math::min (11 bytes)
Event: 3.671 Thread 0x00007ffa640a5000 nmethod 16 0x00007ffa5f8c0750 code [0x00007ffa5f8c0880, 0x00007ffa5f8c08b8]
Event: 3.724 Thread 0x00007ffa640a5000   17             java.lang.String::equals (81 bytes)
Event: 3.732 Thread 0x00007ffa640a5000 nmethod 17 0x00007ffa5f8bf0d0 code [0x00007ffa5f8bf220, 0x00007ffa5f8bf538]
Event: 3.910 Thread 0x00007ffa640a2800   18 %           java.lang.String::indexOf @ 37 (70 bytes)
Event: 3.917 Thread 0x00007ffa640a2800 nmethod 18% 0x00007ffa5f8c7ed0 code [0x00007ffa5f8c8020, 0x00007ffa5f8c8278]
Event: 3.931 Thread 0x00007ffa640a5000   19             java.lang.String::indexOf (70 bytes)
Event: 3.940 Thread 0x00007ffa640a5000 nmethod 19 0x00007ffa5f8c7a90 code [0x00007ffa5f8c7be0, 0x00007ffa5f8c7db8]

GC Heap History (0 events):
No events

Deoptimization events (2 events):
Event: 3.839 Thread 0x00007ffa6400d800 Uncommon trap: reason=unstable_if action=reinterpret pc=0x00007ffa5f8bed50 method=java.lang.String.indexOf(II)I @ 49
Event: 4.302 Thread 0x00007ffa6400d800 Uncommon trap: reason=unstable_if action=reinterpret pc=0x00007ffa5f8c6710 method=java.lang.String.startsWith(Ljava/lang/String;I)Z @ 25

Internal exceptions (10 events):
Event: 4.276 Thread 0x00007ffa6400d800 Threw 0x00000000eca229c0 at /HUDSON/workspace/7u-2-build-linux-amd64/jdk7u80/2329/hotspot/src/share/vm/prims/jvm.cpp:1319
Event: 4.278 Thread 0x00007ffa6400d800 Threw 0x00000000eca47578 at /HUDSON/workspace/7u-2-build-linux-amd64/jdk7u80/2329/hotspot/src/share/vm/prims/jvm.cpp:1319
Event: 4.279 Thread 0x00007ffa6400d800 Threw 0x00000000eca53ad0 at /HUDSON/workspace/7u-2-build-linux-amd64/jdk7u80/2329/hotspot/src/share/vm/prims/jvm.cpp:1319
Event: 4.280 Thread 0x00007ffa6400d800 Threw 0x00000000eca58a08 at /HUDSON/workspace/7u-2-build-linux-amd64/jdk7u80/2329/hotspot/src/share/vm/prims/jvm.cpp:1319
Event: 4.281 Thread 0x00007ffa6400d800 Threw 0x00000000eca77308 at /HUDSON/workspace/7u-2-build-linux-amd64/jdk7u80/2329/hotspot/src/share/vm/prims/jvm.cpp:1319
Event: 4.284 Thread 0x00007ffa6400d800 Threw 0x00000000eca7da50 at /HUDSON/workspace/7u-2-build-linux-amd64/jdk7u80/2329/hotspot/src/share/vm/prims/jvm.cpp:1319
Event: 4.302 Thread 0x00007ffa6400d800 Threw 0x00000000eca88fe0 at /HUDSON/workspace/7u-2-build-linux-amd64/jdk7u80/2329/hotspot/src/share/vm/prims/jvm.cpp:1319
Event: 4.302 Thread 0x00007ffa6400d800 Threw 0x00000000eca8bd88 at /HUDSON/workspace/7u-2-build-linux-amd64/jdk7u80/2329/hotspot/src/share/vm/prims/jvm.cpp:1319
Event: 94.615 Thread 0x00007ffa6400d800 Threw 0x00000000eca8ed18 at /HUDSON/workspace/7u-2-build-linux-amd64/jdk7u80/2329/hotspot/src/share/vm/runtime/javaCalls.cpp:395
Event: 94.616 Thread 0x00007ffa6400d800 Threw 0x00000000eca8ee58 at /HUDSON/workspace/7u-2-build-linux-amd64/jdk7u80/2329/hotspot/src/share/vm/runtime/javaCalls.cpp:395

Events (10 events):
Event: 10.704 Executing VM operation: GetOrSetLocal
Event: 10.704 Executing VM operation: GetOrSetLocal done
Event: 10.704 Executing VM operation: GetOrSetLocal
Event: 10.704 Executing VM operation: GetOrSetLocal done
Event: 94.615 Executing VM operation: GetCurrentLocation
Event: 94.615 Executing VM operation: GetCurrentLocation done
Event: 94.615 Executing VM operation: EnterInterpOnlyMode
Event: 94.615 Executing VM operation: EnterInterpOnlyMode done
Event: 94.615 Executing VM operation: ChangeSingleStep
Event: 94.615 Executing VM operation: ChangeSingleStep done


Dynamic libraries:
00400000-00401000 r-xp 00000000 08:06 1843051                            /usr/lib/jvm/java-7-oracle/bin/java
00600000-00601000 rw-p 00000000 08:06 1843051                            /usr/lib/jvm/java-7-oracle/bin/java
01ffd000-0201e000 rw-p 00000000 00:00 0                                  [heap]
bf000000-c0500000 rw-p 00000000 00:00 0 
c0500000-c4200000 rw-p 00000000 00:00 0 
c4200000-c6980000 rw-p 00000000 00:00 0 
c6980000-ec080000 rw-p 00000000 00:00 0 
ec080000-ed480000 rw-p 00000000 00:00 0                                  [stack:2007]
ed480000-100000000 rw-p 00000000 00:00 0 
7ffa20000000-7ffa20021000 rw-p 00000000 00:00 0 
7ffa20021000-7ffa24000000 ---p 00000000 00:00 0 
7ffa28000000-7ffa280a5000 rw-p 00000000 00:00 0 
7ffa280a5000-7ffa2c000000 ---p 00000000 00:00 0 
7ffa2c000000-7ffa2c021000 rw-p 00000000 00:00 0 
7ffa2c021000-7ffa30000000 ---p 00000000 00:00 0 
7ffa30000000-7ffa30021000 rw-p 00000000 00:00 0 
7ffa30021000-7ffa34000000 ---p 00000000 00:00 0 
7ffa34000000-7ffa34205000 rw-p 00000000 00:00 0 
7ffa34205000-7ffa38000000 ---p 00000000 00:00 0 
7ffa38000000-7ffa38021000 rw-p 00000000 00:00 0 
7ffa38021000-7ffa3c000000 ---p 00000000 00:00 0 
7ffa3c000000-7ffa3c021000 rw-p 00000000 00:00 0 
7ffa3c021000-7ffa40000000 ---p 00000000 00:00 0 
7ffa40000000-7ffa40021000 rw-p 00000000 00:00 0 
7ffa40021000-7ffa44000000 ---p 00000000 00:00 0 
7ffa473ab000-7ffa475f4000 rw-p 00000000 00:00 0 
7ffa475f4000-7ffa475f5000 ---p 00000000 00:00 0 
7ffa475f5000-7ffa476f5000 rw-p 00000000 00:00 0                          [stack:2055]
7ffa476f5000-7ffa476f8000 ---p 00000000 00:00 0 
7ffa476f8000-7ffa477f6000 rw-p 00000000 00:00 0                          [stack:2054]
7ffa477f6000-7ffa477f9000 ---p 00000000 00:00 0 
7ffa477f9000-7ffa478f7000 rw-p 00000000 00:00 0                          [stack:2053]
7ffa478f7000-7ffa478fa000 ---p 00000000 00:00 0 
7ffa478fa000-7ffa479f8000 rw-p 00000000 00:00 0                          [stack:2052]
7ffa479f8000-7ffa479fb000 ---p 00000000 00:00 0 
7ffa479fb000-7ffa47af9000 rw-p 00000000 00:00 0                          [stack:2032]
7ffa47af9000-7ffa47afc000 ---p 00000000 00:00 0 
7ffa47afc000-7ffa47bfa000 rw-p 00000000 00:00 0                          [stack:2027]
7ffa47bfa000-7ffa47bfd000 ---p 00000000 00:00 0 
7ffa47bfd000-7ffa47cfb000 rw-p 00000000 00:00 0                          [stack:2025]
7ffa47cfb000-7ffa47cff000 r-xp 00000000 08:06 1854784                    /usr/lib/jvm/java-7-oracle/jre/lib/amd64/libdt_socket.so
7ffa47cff000-7ffa47efe000 ---p 00004000 08:06 1854784                    /usr/lib/jvm/java-7-oracle/jre/lib/amd64/libdt_socket.so
7ffa47efe000-7ffa47eff000 rw-p 00003000 08:06 1854784                    /usr/lib/jvm/java-7-oracle/jre/lib/amd64/libdt_socket.so
7ffa47eff000-7ffa47f02000 ---p 00000000 00:00 0 
7ffa47f02000-7ffa48000000 rw-p 00000000 00:00 0                          [stack:2023]
7ffa48000000-7ffa48021000 rw-p 00000000 00:00 0 
7ffa48021000-7ffa4c000000 ---p 00000000 00:00 0 
7ffa4c000000-7ffa4c021000 rw-p 00000000 00:00 0 
7ffa4c021000-7ffa50000000 ---p 00000000 00:00 0 
7ffa50000000-7ffa50021000 rw-p 00000000 00:00 0 
7ffa50021000-7ffa54000000 ---p 00000000 00:00 0 
7ffa54000000-7ffa54021000 rw-p 00000000 00:00 0 
7ffa54021000-7ffa58000000 ---p 00000000 00:00 0 
7ffa58000000-7ffa58021000 rw-p 00000000 00:00 0 
7ffa58021000-7ffa5c000000 ---p 00000000 00:00 0 
7ffa5c046000-7ffa5c0f0000 r--s 00a4b000 08:07 137648                     /home/hao/Dropbox/workspace/MyFlowAnalysis/libs/soot-trunk.jar
7ffa5c0f0000-7ffa5c0f3000 ---p 00000000 00:00 0 
7ffa5c0f3000-7ffa5c1f1000 rw-p 00000000 00:00 0                          [stack:2022]
7ffa5c1f1000-7ffa5c1f4000 ---p 00000000 00:00 0 
7ffa5c1f4000-7ffa5c2f2000 rw-p 00000000 00:00 0                          [stack:2021]
7ffa5c2f2000-7ffa5c2f3000 ---p 00000000 00:00 0 
7ffa5c2f3000-7ffa5cdaa000 rw-p 00000000 00:00 0                          [stack:2020]
7ffa5cdaa000-7ffa5cf6a000 r--s 039fb000 08:06 1854814                    /usr/lib/jvm/java-7-oracle/jre/lib/rt.jar
7ffa5cf6a000-7ffa5f2eb000 rw-p 00000000 00:00 0 
7ffa5f2eb000-7ffa5f2ec000 ---p 00000000 00:00 0 
7ffa5f2ec000-7ffa5f3ec000 rw-p 00000000 00:00 0                          [stack:2019]
7ffa5f3ec000-7ffa5f3ed000 ---p 00000000 00:00 0 
7ffa5f3ed000-7ffa5f4f8000 rw-p 00000000 00:00 0                          [stack:2018]
7ffa5f4f8000-7ffa5f516000 rw-p 00000000 00:00 0 
7ffa5f516000-7ffa5f52a000 rw-p 00000000 00:00 0 
7ffa5f52a000-7ffa5f656000 rw-p 00000000 00:00 0 
7ffa5f656000-7ffa5f661000 rw-p 00000000 00:00 0 
7ffa5f661000-7ffa5f67f000 rw-p 00000000 00:00 0 
7ffa5f67f000-7ffa5f693000 rw-p 00000000 00:00 0 
7ffa5f693000-7ffa5f7be000 rw-p 00000000 00:00 0 
7ffa5f7be000-7ffa5f7c9000 rw-p 00000000 00:00 0 
7ffa5f7c9000-7ffa5f85e000 rw-p 00000000 00:00 0 
7ffa5f85e000-7ffa5f85f000 rw-p 00000000 00:00 0 
7ffa5f85f000-7ffa5facf000 rwxp 00000000 00:00 0 
7ffa5facf000-7ffa6285f000 rw-p 00000000 00:00 0 
7ffa6285f000-7ffa62876000 r-xp 00000000 08:06 1854777                    /usr/lib/jvm/java-7-oracle/jre/lib/amd64/libzip.so
7ffa62876000-7ffa62a76000 ---p 00017000 08:06 1854777                    /usr/lib/jvm/java-7-oracle/jre/lib/amd64/libzip.so
7ffa62a76000-7ffa62a77000 rw-p 00017000 08:06 1854777                    /usr/lib/jvm/java-7-oracle/jre/lib/amd64/libzip.so
7ffa62a77000-7ffa62a82000 r-xp 00000000 08:06 2883603                    /lib/x86_64-linux-gnu/libnss_files-2.19.so
7ffa62a82000-7ffa62c81000 ---p 0000b000 08:06 2883603                    /lib/x86_64-linux-gnu/libnss_files-2.19.so
7ffa62c81000-7ffa62c82000 r--p 0000a000 08:06 2883603                    /lib/x86_64-linux-gnu/libnss_files-2.19.so
7ffa62c82000-7ffa62c83000 rw-p 0000b000 08:06 2883603                    /lib/x86_64-linux-gnu/libnss_files-2.19.so
7ffa62c83000-7ffa62c8e000 r-xp 00000000 08:06 2883877                    /lib/x86_64-linux-gnu/libnss_nis-2.19.so
7ffa62c8e000-7ffa62e8d000 ---p 0000b000 08:06 2883877                    /lib/x86_64-linux-gnu/libnss_nis-2.19.so
7ffa62e8d000-7ffa62e8e000 r--p 0000a000 08:06 2883877                    /lib/x86_64-linux-gnu/libnss_nis-2.19.so
7ffa62e8e000-7ffa62e8f000 rw-p 0000b000 08:06 2883877                    /lib/x86_64-linux-gnu/libnss_nis-2.19.so
7ffa62e8f000-7ffa62ea6000 r-xp 00000000 08:06 2883684                    /lib/x86_64-linux-gnu/libnsl-2.19.so
7ffa62ea6000-7ffa630a5000 ---p 00017000 08:06 2883684                    /lib/x86_64-linux-gnu/libnsl-2.19.so
7ffa630a5000-7ffa630a6000 r--p 00016000 08:06 2883684                    /lib/x86_64-linux-gnu/libnsl-2.19.so
7ffa630a6000-7ffa630a7000 rw-p 00017000 08:06 2883684                    /lib/x86_64-linux-gnu/libnsl-2.19.so
7ffa630a7000-7ffa630a9000 rw-p 00000000 00:00 0 
7ffa630a9000-7ffa630b2000 r-xp 00000000 08:06 2883682                    /lib/x86_64-linux-gnu/libnss_compat-2.19.so
7ffa630b2000-7ffa632b1000 ---p 00009000 08:06 2883682                    /lib/x86_64-linux-gnu/libnss_compat-2.19.so
7ffa632b1000-7ffa632b2000 r--p 00008000 08:06 2883682                    /lib/x86_64-linux-gnu/libnss_compat-2.19.so
7ffa632b2000-7ffa632b3000 rw-p 00009000 08:06 2883682                    /lib/x86_64-linux-gnu/libnss_compat-2.19.so
7ffa632b3000-7ffa63997000 r--p 00000000 08:06 400824                     /usr/lib/locale/locale-archive
7ffa63997000-7ffa63999000 r-xp 00000000 08:06 1854796                    /usr/lib/jvm/java-7-oracle/jre/lib/amd64/libnpt.so
7ffa63999000-7ffa63b99000 ---p 00002000 08:06 1854796                    /usr/lib/jvm/java-7-oracle/jre/lib/amd64/libnpt.so
7ffa63b99000-7ffa63b9a000 rw-p 00002000 08:06 1854796                    /usr/lib/jvm/java-7-oracle/jre/lib/amd64/libnpt.so
7ffa63b9a000-7ffa63bd3000 r-xp 00000000 08:06 1854798                    /usr/lib/jvm/java-7-oracle/jre/lib/amd64/libjdwp.so
7ffa63bd3000-7ffa63dd3000 ---p 00039000 08:06 1854798                    /usr/lib/jvm/java-7-oracle/jre/lib/amd64/libjdwp.so
7ffa63dd3000-7ffa63dd4000 rw-p 00039000 08:06 1854798                    /usr/lib/jvm/java-7-oracle/jre/lib/amd64/libjdwp.so
7ffa63dd4000-7ffa63dd5000 rw-p 00000000 00:00 0 
7ffa63dd5000-7ffa63dfe000 r-xp 00000000 08:06 1854794                    /usr/lib/jvm/java-7-oracle/jre/lib/amd64/libjava.so
7ffa63dfe000-7ffa63ffe000 ---p 00029000 08:06 1854794                    /usr/lib/jvm/java-7-oracle/jre/lib/amd64/libjava.so
7ffa63ffe000-7ffa64000000 rw-p 00029000 08:06 1854794                    /usr/lib/jvm/java-7-oracle/jre/lib/amd64/libjava.so
7ffa64000000-7ffa642a9000 rw-p 00000000 00:00 0 
7ffa642a9000-7ffa68000000 ---p 00000000 00:00 0 
7ffa68014000-7ffa68021000 r-xp 00000000 08:06 1854788                    /usr/lib/jvm/java-7-oracle/jre/lib/amd64/libverify.so
7ffa68021000-7ffa68220000 ---p 0000d000 08:06 1854788                    /usr/lib/jvm/java-7-oracle/jre/lib/amd64/libverify.so
7ffa68220000-7ffa68222000 rw-p 0000c000 08:06 1854788                    /usr/lib/jvm/java-7-oracle/jre/lib/amd64/libverify.so
7ffa68222000-7ffa68229000 r-xp 00000000 08:06 2883874                    /lib/x86_64-linux-gnu/librt-2.19.so
7ffa68229000-7ffa68428000 ---p 00007000 08:06 2883874                    /lib/x86_64-linux-gnu/librt-2.19.so
7ffa68428000-7ffa68429000 r--p 00006000 08:06 2883874                    /lib/x86_64-linux-gnu/librt-2.19.so
7ffa68429000-7ffa6842a000 rw-p 00007000 08:06 2883874                    /lib/x86_64-linux-gnu/librt-2.19.so
7ffa6842a000-7ffa6852f000 r-xp 00000000 08:06 2883599                    /lib/x86_64-linux-gnu/libm-2.19.so
7ffa6852f000-7ffa6872e000 ---p 00105000 08:06 2883599                    /lib/x86_64-linux-gnu/libm-2.19.so
7ffa6872e000-7ffa6872f000 r--p 00104000 08:06 2883599                    /lib/x86_64-linux-gnu/libm-2.19.so
7ffa6872f000-7ffa68730000 rw-p 00105000 08:06 2883599                    /lib/x86_64-linux-gnu/libm-2.19.so
7ffa68730000-7ffa692a6000 r-xp 00000000 08:06 1854780                    /usr/lib/jvm/java-7-oracle/jre/lib/amd64/server/libjvm.so
7ffa692a6000-7ffa694a5000 ---p 00b76000 08:06 1854780                    /usr/lib/jvm/java-7-oracle/jre/lib/amd64/server/libjvm.so
7ffa694a5000-7ffa69569000 rw-p 00b75000 08:06 1854780                    /usr/lib/jvm/java-7-oracle/jre/lib/amd64/server/libjvm.so
7ffa69569000-7ffa695aa000 rw-p 00000000 00:00 0 
7ffa695aa000-7ffa69765000 r-xp 00000000 08:06 2883871                    /lib/x86_64-linux-gnu/libc-2.19.so
7ffa69765000-7ffa69964000 ---p 001bb000 08:06 2883871                    /lib/x86_64-linux-gnu/libc-2.19.so
7ffa69964000-7ffa69968000 r--p 001ba000 08:06 2883871                    /lib/x86_64-linux-gnu/libc-2.19.so
7ffa69968000-7ffa6996a000 rw-p 001be000 08:06 2883871                    /lib/x86_64-linux-gnu/libc-2.19.so
7ffa6996a000-7ffa6996f000 rw-p 00000000 00:00 0 
7ffa6996f000-7ffa69972000 r-xp 00000000 08:06 2883674                    /lib/x86_64-linux-gnu/libdl-2.19.so
7ffa69972000-7ffa69b71000 ---p 00003000 08:06 2883674                    /lib/x86_64-linux-gnu/libdl-2.19.so
7ffa69b71000-7ffa69b72000 r--p 00002000 08:06 2883674                    /lib/x86_64-linux-gnu/libdl-2.19.so
7ffa69b72000-7ffa69b73000 rw-p 00003000 08:06 2883674                    /lib/x86_64-linux-gnu/libdl-2.19.so
7ffa69b73000-7ffa69b88000 r-xp 00000000 08:06 1844456                    /usr/lib/jvm/java-7-oracle/lib/amd64/jli/libjli.so
7ffa69b88000-7ffa69d87000 ---p 00015000 08:06 1844456                    /usr/lib/jvm/java-7-oracle/lib/amd64/jli/libjli.so
7ffa69d87000-7ffa69d88000 rw-p 00014000 08:06 1844456                    /usr/lib/jvm/java-7-oracle/lib/amd64/jli/libjli.so
7ffa69d88000-7ffa69da1000 r-xp 00000000 08:06 2883872                    /lib/x86_64-linux-gnu/libpthread-2.19.so
7ffa69da1000-7ffa69fa0000 ---p 00019000 08:06 2883872                    /lib/x86_64-linux-gnu/libpthread-2.19.so
7ffa69fa0000-7ffa69fa1000 r--p 00018000 08:06 2883872                    /lib/x86_64-linux-gnu/libpthread-2.19.so
7ffa69fa1000-7ffa69fa2000 rw-p 00019000 08:06 2883872                    /lib/x86_64-linux-gnu/libpthread-2.19.so
7ffa69fa2000-7ffa69fa6000 rw-p 00000000 00:00 0 
7ffa69fa6000-7ffa69fc9000 r-xp 00000000 08:06 2883687                    /lib/x86_64-linux-gnu/ld-2.19.so
7ffa69fc9000-7ffa69fca000 rw-p 00000000 00:00 0 
7ffa69fca000-7ffa69fcc000 r--s 0000c000 08:07 1312707                    /home/hao/Downloads/eclipse/plugins/org.hamcrest.core_1.3.0.v201303031735.jar
7ffa69fcc000-7ffa69fd2000 r--s 00036000 08:07 1713964                    /home/hao/Downloads/eclipse/plugins/org.junit_4.11.0.v201303080030/junit.jar
7ffa69fd2000-7ffa69fd4000 r--s 0000e000 08:07 137639                     /home/hao/Dropbox/workspace/MyFlowAnalysis/libs/axml-2.0.jar
7ffa69fd4000-7ffa69fd7000 r--s 00025000 08:07 137646                     /home/hao/Dropbox/workspace/MyFlowAnalysis/libs/soot-infoflow-android.jar
7ffa69fd7000-7ffa69fe1000 rw-p 00000000 00:00 0 
7ffa69fe1000-7ffa6a097000 rw-p 00000000 00:00 0 
7ffa6a097000-7ffa6a09a000 ---p 00000000 00:00 0 
7ffa6a09a000-7ffa6a19d000 rw-p 00000000 00:00 0 
7ffa6a19d000-7ffa6a1a1000 r--s 0002a000 08:07 137640                     /home/hao/Dropbox/workspace/MyFlowAnalysis/libs/commons-io-2.4.jar
7ffa6a1a1000-7ffa6a1a7000 r--s 0004c000 08:07 137647                     /home/hao/Dropbox/workspace/MyFlowAnalysis/libs/soot-infoflow.jar
7ffa6a1a7000-7ffa6a1bc000 rw-p 00000000 00:00 0 
7ffa6a1bc000-7ffa6a1c4000 rw-s 00000000 08:06 4601931                    /tmp/hsperfdata_hao/2002
7ffa6a1c4000-7ffa6a1c5000 rw-p 00000000 00:00 0 
7ffa6a1c5000-7ffa6a1c6000 r--p 00000000 00:00 0 
7ffa6a1c6000-7ffa6a1c8000 rw-p 00000000 00:00 0 
7ffa6a1c8000-7ffa6a1c9000 r--p 00022000 08:06 2883687                    /lib/x86_64-linux-gnu/ld-2.19.so
7ffa6a1c9000-7ffa6a1ca000 rw-p 00023000 08:06 2883687                    /lib/x86_64-linux-gnu/ld-2.19.so
7ffa6a1ca000-7ffa6a1cb000 rw-p 00000000 00:00 0 
7ffe3a8e0000-7ffe3a901000 rw-p 00000000 00:00 0                          [stack]
7ffe3a96d000-7ffe3a96f000 r-xp 00000000 00:00 0                          [vdso]
ffffffffff600000-ffffffffff601000 r-xp 00000000 00:00 0                  [vsyscall]

VM Arguments:
jvm_args: -agentlib:jdwp=transport=dt_socket,suspend=y,address=localhost:43608 -Dfile.encoding=UTF-8 
java_command: FlowDroidPlay.CallFlowGraphTest
Launcher Type: SUN_STANDARD

Environment Variables:
JAVA_HOME=/usr/lib/jvm/java-6-oracle
CLASSPATH=/home/hao/Downloads/weka/weka.jar:/home/hao/Downloads/weka/libsvm.jar
PATH=/bin:/usr/local/sbin:/usr/local/bin:/usr/sbin:/usr/bin:/sbin:/bin:/usr/games:/usr/local/games:/usr/lib/jvm/java-8-oracle/bin:/usr/lib/jvm/java-8-oracle/db/bin:/usr/lib/jvm/java-8-oracle/jre/bin:/home/hao/Android/Sdk/tools:/home/hao/Android/Sdk/platform-tools:/home/hao/Android/android-ndk-r10e/
USERNAME=hao
LD_LIBRARY_PATH=/lib:
SHELL=/bin/bash
DISPLAY=:0.0

Signal Handlers:
SIGSEGV: [libjvm.so+0x9a3b20], sa_mask[0]=0x7ffbfeff, sa_flags=0x10000004
SIGBUS: [libjvm.so+0x9a3b20], sa_mask[0]=0x7ffbfeff, sa_flags=0x10000004
SIGFPE: [libjvm.so+0x81e740], sa_mask[0]=0x7ffbfeff, sa_flags=0x10000004
SIGPIPE: [libjvm.so+0x81e740], sa_mask[0]=0x7ffbfeff, sa_flags=0x10000004
SIGXFSZ: [libjvm.so+0x81e740], sa_mask[0]=0x7ffbfeff, sa_flags=0x10000004
SIGILL: [libjvm.so+0x81e740], sa_mask[0]=0x7ffbfeff, sa_flags=0x10000004
SIGUSR1: SIG_DFL, sa_mask[0]=0x00000000, sa_flags=0x00000000
SIGUSR2: [libjvm.so+0x81ffb0], sa_mask[0]=0x00000004, sa_flags=0x10000004
SIGHUP: [libjvm.so+0x8210d0], sa_mask[0]=0x7ffbfeff, sa_flags=0x10000004
SIGINT: [libjvm.so+0x8210d0], sa_mask[0]=0x7ffbfeff, sa_flags=0x10000004
SIGTERM: [libjvm.so+0x8210d0], sa_mask[0]=0x7ffbfeff, sa_flags=0x10000004
SIGQUIT: [libjvm.so+0x8210d0], sa_mask[0]=0x7ffbfeff, sa_flags=0x10000004


---------------  S Y S T E M  ---------------

OS:jessie/sid

uname:Linux 3.13.0-57-generic #95-Ubuntu SMP Fri Jun 19 09:28:15 UTC 2015 x86_64
libc:glibc 2.19 NPTL 2.19 
rlimit: STACK 8192k, CORE 0k, NPROC 30429, NOFILE 4096, AS infinity
load average:8.82 7.96 6.06

/proc/meminfo:
MemTotal:        3916552 kB
MemFree:          190492 kB
Buffers:           28096 kB
Cached:           484256 kB
SwapCached:        12824 kB
Active:          2480868 kB
Inactive:         907180 kB
Active(anon):    2268976 kB
Inactive(anon):   651188 kB
Active(file):     211892 kB
Inactive(file):   255992 kB
Unevictable:          32 kB
Mlocked:              32 kB
SwapTotal:       5082108 kB
SwapFree:        4933956 kB
Dirty:               424 kB
Writeback:            36 kB
AnonPages:       2865732 kB
Mapped:           271200 kB
Shmem:             44468 kB
Slab:             216624 kB
SReclaimable:     174060 kB
SUnreclaim:        42564 kB
KernelStack:        4536 kB
PageTables:        41388 kB
NFS_Unstable:          0 kB
Bounce:                0 kB
WritebackTmp:          0 kB
CommitLimit:     7040384 kB
Committed_AS:    6597056 kB
VmallocTotal:   34359738367 kB
VmallocUsed:       97460 kB
VmallocChunk:   34359618524 kB
HardwareCorrupted:     0 kB
AnonHugePages:    679936 kB
HugePages_Total:       0
HugePages_Free:        0
HugePages_Rsvd:        0
HugePages_Surp:        0
Hugepagesize:       2048 kB
DirectMap4k:       55292 kB
DirectMap2M:     4005888 kB


CPU:total 2 (2 cores per cpu, 1 threads per core) family 6 model 23 stepping 10, cmov, cx8, fxsr, mmx, sse, sse2, sse3, ssse3, sse4.1, tsc

/proc/cpuinfo:
processor	: 0
vendor_id	: GenuineIntel
cpu family	: 6
model		: 23
model name	: Intel(R) Core(TM)2 Duo CPU     E8500  @ 3.16GHz
stepping	: 10
microcode	: 0xa0b
cpu MHz		: 3158.780
cache size	: 6144 KB
physical id	: 0
siblings	: 2
core id		: 0
cpu cores	: 2
apicid		: 0
initial apicid	: 0
fpu		: yes
fpu_exception	: yes
cpuid level	: 13
wp		: yes
flags		: fpu vme de pse tsc msr pae mce cx8 apic sep mtrr pge mca cmov pat pse36 clflush dts acpi mmx fxsr sse sse2 ss ht tm pbe syscall nx lm constant_tsc arch_perfmon pebs bts rep_good nopl aperfmperf pni dtes64 monitor ds_cpl vmx smx est tm2 ssse3 cx16 xtpr pdcm sse4_1 xsave lahf_lm dtherm tpr_shadow vnmi flexpriority
bogomips	: 6317.56
clflush size	: 64
cache_alignment	: 64
address sizes	: 36 bits physical, 48 bits virtual
power management:

processor	: 1
vendor_id	: GenuineIntel
cpu family	: 6
model		: 23
model name	: Intel(R) Core(TM)2 Duo CPU     E8500  @ 3.16GHz
stepping	: 10
microcode	: 0xa0b
cpu MHz		: 3158.780
cache size	: 6144 KB
physical id	: 0
siblings	: 2
core id		: 1
cpu cores	: 2
apicid		: 1
initial apicid	: 1
fpu		: yes
fpu_exception	: yes
cpuid level	: 13
wp		: yes
flags		: fpu vme de pse tsc msr pae mce cx8 apic sep mtrr pge mca cmov pat pse36 clflush dts acpi mmx fxsr sse sse2 ss ht tm pbe syscall nx lm constant_tsc arch_perfmon pebs bts rep_good nopl aperfmperf pni dtes64 monitor ds_cpl vmx smx est tm2 ssse3 cx16 xtpr pdcm sse4_1 xsave lahf_lm dtherm tpr_shadow vnmi flexpriority
bogomips	: 6317.56
clflush size	: 64
cache_alignment	: 64
address sizes	: 36 bits physical, 48 bits virtual
power management:



Memory: 4k page, physical 3916552k(190492k free), swap 5082108k(4933956k free)

vm_info: Java HotSpot(TM) 64-Bit Server VM (24.80-b11) for linux-amd64 JRE (1.7.0_80-b15), built on Apr 10 2015 19:53:14 by "java_re" with gcc 4.3.0 20080428 (Red Hat 4.3.0-8)

time: Thu Sep 24 11:32:49 2015
elapsed time: 94 seconds

